-------------------------------------------------------------------------------
Test set: edu.gmu.cs475.test.P1ZKTests
-------------------------------------------------------------------------------
Tests run: 2, Failures: 1, Errors: 0, Skipped: 0, Time elapsed: 30.637 sec <<< FAILURE! - in edu.gmu.cs475.test.P1ZKTests
testClientAddsEphemeralMembership(edu.gmu.cs475.test.P1ZKTests)  Time elapsed: 5.178 sec  <<< FAILURE!
java.lang.AssertionError: Expected a ZKNode created at /edu/gmu/cs475/membership/localhost:63383
	at edu.gmu.cs475.test.P1ZKTests.testClientAddsEphemeralMembership(P1ZKTests.java:19)

