<?xml version="1.0" encoding="UTF-8"?>
<testsuite xmlns:xsi="http://www.w3.org/2001/XMLSchema-instance" xsi:schemaLocation="https://maven.apache.org/surefire/maven-surefire-plugin/xsd/surefire-test-report.xsd" name="edu.gmu.cs475.P3ServerTests" time="16.764" tests="6" errors="1" skipped="0" failures="2">
  <properties>
[...]
</properties>
  <testcase name="testHeartbeatOnlyExpiresCorrectLock" classname="edu.gmu.cs475.P3ServerTests" time="2.154">
    <failure message="Unexpected exception" type="java.lang.AssertionError">java.lang.AssertionError: Unexpected exception
	at edu.gmu.cs475.P3ServerTests.testHeartbeatOnlyExpiresCorrectLock(P3ServerTests.java:141)
</failure>
    <system-err><![CDATA[java.lang.IllegalMonitorStateException
	at edu.gmu.cs475.FileTagManagerServer.heartbeat(FileTagManagerServer.java:650)
	at edu.gmu.cs475.P3ServerTests.testHeartbeatOnlyExpiresCorrectLock(P3ServerTests.java:121)
	at sun.reflect.NativeMethodAccessorImpl.invoke0(Native Method)
	at sun.reflect.NativeMethodAccessorImpl.invoke(NativeMethodAccessorImpl.java:62)
	at sun.reflect.DelegatingMethodAccessorImpl.invoke(DelegatingMethodAccessorImpl.java:43)
	at java.lang.reflect.Method.invoke(Method.java:498)
	at org.junit.runners.model.FrameworkMethod$1.runReflectiveCall(FrameworkMethod.java:47)
	at org.junit.internal.runners.model.ReflectiveCallable.run(ReflectiveCallable.java:12)
	at org.junit.runners.model.FrameworkMethod.invokeExplosively(FrameworkMethod.java:44)
	at org.junit.internal.runners.statements.InvokeMethod.evaluate(InvokeMethod.java:17)
	at org.junit.internal.runners.statements.RunBefores.evaluate(RunBefores.java:26)
	at org.junit.internal.runners.statements.FailOnTimeout$StatementThread.run(FailOnTimeout.java:74)
]]></system-err>
  </testcase>
  <testcase name="testLockHeartbeatsRenewLock" classname="edu.gmu.cs475.P3ServerTests" time="6.025"/>
  <testcase name="testHeartbeatInvalidStamp" classname="edu.gmu.cs475.P3ServerTests" time="0.013"/>
  <testcase name="testIrregularHeartbeatStillRenewLock" classname="edu.gmu.cs475.P3ServerTests" time="4.517"/>
  <testcase name="testUnlockInvalidStamp" classname="edu.gmu.cs475.P3ServerTests" time="0.012">
    <error type="java.lang.IllegalMonitorStateException">java.lang.IllegalMonitorStateException
	at edu.gmu.cs475.P3ServerTests.testUnlockInvalidStamp(P3ServerTests.java:227)
</error>
  </testcase>
  <testcase name="testLockExpires" classname="edu.gmu.cs475.P3ServerTests" time="4.012">
    <failure message="IllegalMonitorStateException should be thrown after lock times out" type="java.lang.AssertionError">java.lang.AssertionError: IllegalMonitorStateException should be thrown after lock times out
	at edu.gmu.cs475.P3ServerTests.testLockExpires(P3ServerTests.java:48)
</failure>
  </testcase>
</testsuite>